  0%|          | 0/50 [00:00<?, ?it/s]  2%|▏         | 1/50 [00:07<05:47,  7.10s/it]  4%|▍         | 2/50 [00:09<04:33,  5.70s/it]  6%|▌         | 3/50 [00:11<03:40,  4.69s/it]  8%|▊         | 4/50 [00:14<03:04,  4.01s/it] 10%|█         | 5/50 [00:16<02:40,  3.56s/it] 12%|█▏        | 6/50 [00:19<02:21,  3.21s/it] 14%|█▍        | 7/50 [00:21<02:07,  2.97s/it] 16%|█▌        | 8/50 [00:23<01:57,  2.79s/it] 18%|█▊        | 9/50 [00:26<01:51,  2.71s/it] 20%|██        | 10/50 [00:28<01:45,  2.64s/it] 22%|██▏       | 11/50 [00:31<01:40,  2.56s/it] 24%|██▍       | 12/50 [00:33<01:33,  2.46s/it] 26%|██▌       | 13/50 [00:35<01:28,  2.38s/it] 28%|██▊       | 14/50 [00:38<01:24,  2.36s/it] 30%|███       | 15/50 [00:40<01:22,  2.34s/it] 32%|███▏      | 16/50 [00:42<01:22,  2.41s/it] 34%|███▍      | 17/50 [00:45<01:19,  2.41s/it] 36%|███▌      | 18/50 [00:47<01:16,  2.41s/it] 38%|███▊      | 19/50 [00:50<01:14,  2.42s/it] 40%|████      | 20/50 [00:52<01:11,  2.38s/it] 42%|████▏     | 21/50 [00:54<01:09,  2.38s/it] 44%|████▍     | 22/50 [00:57<01:07,  2.39s/it] 46%|████▌     | 23/50 [00:59<01:05,  2.44s/it] 48%|████▊     | 24/50 [01:02<01:04,  2.47s/it] 50%|█████     | 25/50 [01:04<01:01,  2.47s/it] 52%|█████▏    | 26/50 [01:07<00:58,  2.43s/it] 54%|█████▍    | 27/50 [01:09<00:55,  2.41s/it] 56%|█████▌    | 28/50 [01:11<00:51,  2.36s/it] 58%|█████▊    | 29/50 [01:14<00:48,  2.33s/it] 60%|██████    | 30/50 [01:16<00:46,  2.35s/it] 62%|██████▏   | 31/50 [01:18<00:44,  2.34s/it] 64%|██████▍   | 32/50 [01:21<00:42,  2.35s/it] 66%|██████▌   | 33/50 [01:23<00:40,  2.36s/it] 68%|██████▊   | 34/50 [01:25<00:37,  2.35s/it] 70%|███████   | 35/50 [01:28<00:35,  2.39s/it] 72%|███████▏  | 36/50 [01:30<00:33,  2.39s/it] 74%|███████▍  | 37/50 [01:33<00:31,  2.40s/it] 76%|███████▌  | 38/50 [01:35<00:29,  2.44s/it] 78%|███████▊  | 39/50 [01:38<00:26,  2.40s/it] 80%|████████  | 40/50 [01:40<00:23,  2.39s/it] 82%|████████▏ | 41/50 [01:42<00:21,  2.39s/it] 84%|████████▍ | 42/50 [01:45<00:18,  2.37s/it] 86%|████████▌ | 43/50 [01:47<00:16,  2.39s/it] 88%|████████▊ | 44/50 [01:49<00:14,  2.38s/it] 90%|█████████ | 45/50 [01:52<00:12,  2.43s/it] 92%|█████████▏| 46/50 [01:54<00:09,  2.42s/it] 94%|█████████▍| 47/50 [01:57<00:07,  2.37s/it] 96%|█████████▌| 48/50 [01:59<00:04,  2.36s/it] 98%|█████████▊| 49/50 [02:01<00:02,  2.39s/it]100%|██████████| 50/50 [02:03<00:00,  2.20s/it]100%|██████████| 50/50 [02:03<00:00,  2.47s/it]Train path :  ../data/climatenet_new/train
Test path  :  ../data/climatenet_new/test
identifying connected components..

tracking components across time..
  0%|          | 0/398 [00:00<?, ?it/s]  0%|          | 1/398 [00:01<09:33,  1.44s/it]  1%|          | 2/398 [00:02<08:46,  1.33s/it]  1%|          | 3/398 [00:03<08:35,  1.31s/it]  1%|          | 4/398 [00:04<08:01,  1.22s/it]  1%|▏         | 5/398 [00:05<07:23,  1.13s/it]  2%|▏         | 6/398 [00:06<07:30,  1.15s/it]  2%|▏         | 7/398 [00:07<06:47,  1.04s/it]  2%|▏         | 8/398 [00:08<06:12,  1.05it/s]  2%|▏         | 9/398 [00:09<06:56,  1.07s/it]  3%|▎         | 10/398 [00:10<07:00,  1.08s/it]  3%|▎         | 11/398 [00:11<06:54,  1.07s/it]  3%|▎         | 12/398 [00:13<07:02,  1.09s/it]  3%|▎         | 13/398 [00:14<07:13,  1.13s/it]  4%|▎         | 14/398 [00:15<06:52,  1.07s/it]  4%|▍         | 15/398 [00:16<06:34,  1.03s/it]  4%|▍         | 16/398 [00:16<06:06,  1.04it/s]  4%|▍         | 17/398 [00:18<06:34,  1.03s/it]  5%|▍         | 18/398 [00:19<06:20,  1.00s/it]  5%|▍         | 19/398 [00:20<07:13,  1.14s/it]  5%|▌         | 20/398 [00:21<07:13,  1.15s/it]  5%|▌         | 21/398 [00:22<07:01,  1.12s/it]  6%|▌         | 22/398 [00:23<06:45,  1.08s/it]  6%|▌         | 23/398 [00:24<06:50,  1.10s/it]  6%|▌         | 24/398 [00:26<07:02,  1.13s/it]  6%|▋         | 25/398 [00:26<06:33,  1.05s/it]  7%|▋         | 26/398 [00:27<06:13,  1.01s/it]  7%|▋         | 27/398 [00:28<05:59,  1.03it/s]  7%|▋         | 28/398 [00:29<06:14,  1.01s/it]  7%|▋         | 29/398 [00:30<06:20,  1.03s/it]  8%|▊         | 30/398 [00:32<06:31,  1.06s/it]  8%|▊         | 31/398 [00:33<06:16,  1.03s/it]  8%|▊         | 32/398 [00:34<06:24,  1.05s/it]  8%|▊         | 33/398 [00:35<06:09,  1.01s/it]  9%|▊         | 34/398 [00:36<06:03,  1.00it/s]  9%|▉         | 35/398 [00:36<05:32,  1.09it/s]  9%|▉         | 36/398 [00:38<06:21,  1.05s/it]  9%|▉         | 37/398 [00:39<06:30,  1.08s/it] 10%|▉         | 38/398 [00:40<06:48,  1.13s/it] 10%|▉         | 39/398 [00:41<06:59,  1.17s/it] 10%|█         | 40/398 [00:42<07:01,  1.18s/it] 10%|█         | 41/398 [00:43<06:40,  1.12s/it] 11%|█         | 42/398 [00:45<06:38,  1.12s/it] 11%|█         | 43/398 [00:46<06:36,  1.12s/it] 11%|█         | 44/398 [00:47<06:22,  1.08s/it] 11%|█▏        | 45/398 [00:48<06:29,  1.10s/it] 12%|█▏        | 46/398 [00:49<06:33,  1.12s/it] 12%|█▏        | 47/398 [00:50<06:45,  1.15s/it] 12%|█▏        | 48/398 [00:51<06:43,  1.15s/it] 12%|█▏        | 49/398 [00:52<06:36,  1.14s/it] 13%|█▎        | 50/398 [00:54<06:23,  1.10s/it] 13%|█▎        | 51/398 [00:55<06:16,  1.08s/it] 13%|█▎        | 52/398 [00:55<05:51,  1.02s/it] 13%|█▎        | 53/398 [00:56<05:50,  1.02s/it] 14%|█▎        | 54/398 [00:57<05:47,  1.01s/it] 14%|█▍        | 55/398 [00:58<05:39,  1.01it/s] 14%|█▍        | 56/398 [00:59<05:23,  1.06it/s] 14%|█▍        | 57/398 [01:00<05:24,  1.05it/s] 15%|█▍        | 58/398 [01:01<05:42,  1.01s/it] 15%|█▍        | 59/398 [01:02<05:41,  1.01s/it] 15%|█▌        | 60/398 [01:03<05:29,  1.03it/s] 15%|█▌        | 61/398 [01:04<05:54,  1.05s/it] 16%|█▌        | 62/398 [01:06<06:04,  1.09s/it] 16%|█▌        | 63/398 [01:07<05:49,  1.04s/it] 16%|█▌        | 64/398 [01:08<06:11,  1.11s/it] 16%|█▋        | 65/398 [01:09<06:13,  1.12s/it] 17%|█▋        | 66/398 [01:10<06:05,  1.10s/it] 17%|█▋        | 67/398 [01:11<05:29,  1.00it/s] 17%|█▋        | 68/398 [01:12<05:08,  1.07it/s] 17%|█▋        | 69/398 [01:13<05:21,  1.02it/s] 18%|█▊        | 70/398 [01:14<05:45,  1.05s/it] 18%|█▊        | 71/398 [01:15<05:46,  1.06s/it] 18%|█▊        | 72/398 [01:16<05:37,  1.04s/it] 18%|█▊        | 73/398 [01:17<05:38,  1.04s/it] 19%|█▊        | 74/398 [01:18<05:43,  1.06s/it] 19%|█▉        | 75/398 [01:19<05:43,  1.06s/it] 19%|█▉        | 76/398 [01:20<05:32,  1.03s/it] 19%|█▉        | 77/398 [01:21<05:27,  1.02s/it] 20%|█▉        | 78/398 [01:22<05:44,  1.08s/it] 20%|█▉        | 79/398 [01:23<05:43,  1.08s/it] 20%|██        | 80/398 [01:24<05:33,  1.05s/it] 20%|██        | 81/398 [01:25<05:24,  1.02s/it] 21%|██        | 82/398 [01:26<05:19,  1.01s/it] 21%|██        | 83/398 [01:27<05:29,  1.05s/it] 21%|██        | 84/398 [01:29<05:54,  1.13s/it] 21%|██▏       | 85/398 [01:30<06:07,  1.18s/it] 22%|██▏       | 86/398 [01:31<05:53,  1.13s/it] 22%|██▏       | 87/398 [01:32<06:11,  1.20s/it] 22%|██▏       | 88/398 [01:34<06:02,  1.17s/it] 22%|██▏       | 89/398 [01:35<05:55,  1.15s/it] 23%|██▎       | 90/398 [01:36<05:32,  1.08s/it] 23%|██▎       | 91/398 [01:37<05:35,  1.09s/it] 23%|██▎       | 92/398 [01:38<05:37,  1.10s/it] 23%|██▎       | 93/398 [01:39<05:54,  1.16s/it] 24%|██▎       | 94/398 [01:40<06:04,  1.20s/it] 24%|██▍       | 95/398 [01:42<05:58,  1.18s/it] 24%|██▍       | 96/398 [01:43<05:53,  1.17s/it] 24%|██▍       | 97/398 [01:44<05:38,  1.12s/it] 25%|██▍       | 98/398 [01:45<05:37,  1.13s/it] 25%|██▍       | 99/398 [01:46<05:40,  1.14s/it] 25%|██▌       | 100/398 [01:47<05:38,  1.14s/it] 25%|██▌       | 101/398 [01:48<05:29,  1.11s/it] 26%|██▌       | 102/398 [01:49<05:11,  1.05s/it] 26%|██▌       | 103/398 [01:50<05:28,  1.11s/it] 26%|██▌       | 104/398 [01:52<05:38,  1.15s/it] 26%|██▋       | 105/398 [01:53<05:46,  1.18s/it] 27%|██▋       | 106/398 [01:54<05:40,  1.17s/it] 27%|██▋       | 107/398 [01:55<05:26,  1.12s/it] 27%|██▋       | 108/398 [01:56<05:10,  1.07s/it] 27%|██▋       | 109/398 [01:57<05:14,  1.09s/it] 28%|██▊       | 110/398 [01:58<05:02,  1.05s/it] 28%|██▊       | 111/398 [01:59<04:47,  1.00s/it] 28%|██▊       | 112/398 [02:00<04:34,  1.04it/s] 28%|██▊       | 113/398 [02:01<04:19,  1.10it/s] 29%|██▊       | 114/398 [02:02<04:36,  1.03it/s] 29%|██▉       | 115/398 [02:02<04:19,  1.09it/s] 29%|██▉       | 116/398 [02:03<04:22,  1.08it/s] 29%|██▉       | 117/398 [02:05<04:36,  1.02it/s] 30%|██▉       | 118/398 [02:06<04:42,  1.01s/it] 30%|██▉       | 119/398 [02:07<04:45,  1.02s/it] 30%|███       | 120/398 [02:08<04:40,  1.01s/it] 30%|███       | 121/398 [02:08<04:17,  1.08it/s] 31%|███       | 122/398 [02:10<05:02,  1.10s/it] 31%|███       | 123/398 [02:11<04:56,  1.08s/it] 31%|███       | 124/398 [02:12<05:01,  1.10s/it] 31%|███▏      | 125/398 [02:13<04:50,  1.06s/it] 32%|███▏      | 126/398 [02:14<04:44,  1.04s/it] 32%|███▏      | 127/398 [02:15<04:41,  1.04s/it] 32%|███▏      | 128/398 [02:16<04:58,  1.10s/it] 32%|███▏      | 129/398 [02:17<04:57,  1.10s/it] 33%|███▎      | 130/398 [02:18<04:51,  1.09s/it] 33%|███▎      | 131/398 [02:19<04:34,  1.03s/it] 33%|███▎      | 132/398 [02:21<04:59,  1.13s/it] 33%|███▎      | 133/398 [02:22<04:46,  1.08s/it] 34%|███▎      | 134/398 [02:23<04:38,  1.06s/it] 34%|███▍      | 135/398 [02:24<04:33,  1.04s/it] 34%|███▍      | 136/398 [02:25<04:29,  1.03s/it] 34%|███▍      | 137/398 [02:26<04:11,  1.04it/s] 35%|███▍      | 138/398 [02:26<04:00,  1.08it/s] 35%|███▍      | 139/398 [02:27<03:56,  1.10it/s] 35%|███▌      | 140/398 [02:28<03:45,  1.14it/s] 35%|███▌      | 141/398 [02:29<03:36,  1.19it/s] 36%|███▌      | 142/398 [02:30<03:50,  1.11it/s] 36%|███▌      | 143/398 [02:31<03:37,  1.17it/s] 36%|███▌      | 144/398 [02:32<04:12,  1.01it/s] 36%|███▋      | 145/398 [02:33<04:06,  1.03it/s] 37%|███▋      | 146/398 [02:34<04:15,  1.01s/it] 37%|███▋      | 147/398 [02:35<04:14,  1.01s/it] 37%|███▋      | 148/398 [02:36<04:12,  1.01s/it] 37%|███▋      | 149/398 [02:37<04:10,  1.01s/it] 38%|███▊      | 150/398 [02:38<04:00,  1.03it/s] 38%|███▊      | 151/398 [02:39<04:01,  1.02it/s] 38%|███▊      | 152/398 [02:40<04:06,  1.00s/it] 38%|███▊      | 153/398 [02:41<04:02,  1.01it/s] 39%|███▊      | 154/398 [02:42<03:58,  1.02it/s] 39%|███▉      | 155/398 [02:43<04:10,  1.03s/it] 39%|███▉      | 156/398 [02:44<04:11,  1.04s/it] 39%|███▉      | 157/398 [02:45<04:18,  1.07s/it] 40%|███▉      | 158/398 [02:46<04:27,  1.11s/it] 40%|███▉      | 159/398 [02:47<04:23,  1.10s/it] 40%|████      | 160/398 [02:49<04:23,  1.11s/it] 40%|████      | 161/398 [02:50<04:11,  1.06s/it] 41%|████      | 162/398 [02:50<04:03,  1.03s/it] 41%|████      | 163/398 [02:51<03:58,  1.02s/it] 41%|████      | 164/398 [02:53<04:08,  1.06s/it] 41%|████▏     | 165/398 [02:54<04:20,  1.12s/it] 42%|████▏     | 166/398 [02:55<04:22,  1.13s/it] 42%|████▏     | 167/398 [02:56<04:20,  1.13s/it] 42%|████▏     | 168/398 [02:57<04:19,  1.13s/it] 42%|████▏     | 169/398 [02:58<04:14,  1.11s/it] 43%|████▎     | 170/398 [02:59<03:52,  1.02s/it] 43%|████▎     | 171/398 [03:00<04:04,  1.08s/it] 43%|████▎     | 172/398 [03:01<04:00,  1.07s/it] 43%|████▎     | 173/398 [03:03<04:05,  1.09s/it] 44%|████▎     | 174/398 [03:04<04:01,  1.08s/it] 44%|████▍     | 175/398 [03:05<03:51,  1.04s/it] 44%|████▍     | 176/398 [03:06<04:04,  1.10s/it] 44%|████▍     | 177/398 [03:07<04:08,  1.12s/it] 45%|████▍     | 178/398 [03:08<04:01,  1.10s/it] 45%|████▍     | 179/398 [03:09<04:13,  1.16s/it] 45%|████▌     | 180/398 [03:11<04:20,  1.19s/it] 45%|████▌     | 181/398 [03:12<04:20,  1.20s/it] 46%|████▌     | 182/398 [03:13<04:13,  1.17s/it] 46%|████▌     | 183/398 [03:14<04:03,  1.13s/it] 46%|████▌     | 184/398 [03:15<04:02,  1.13s/it] 46%|████▋     | 185/398 [03:16<04:14,  1.19s/it] 47%|████▋     | 186/398 [03:18<04:23,  1.24s/it] 47%|████▋     | 187/398 [03:19<04:12,  1.20s/it] 47%|████▋     | 188/398 [03:20<04:21,  1.24s/it] 47%|████▋     | 189/398 [03:21<04:13,  1.21s/it] 48%|████▊     | 190/398 [03:22<03:52,  1.12s/it] 48%|████▊     | 191/398 [03:23<03:40,  1.07s/it] 48%|████▊     | 192/398 [03:24<03:34,  1.04s/it] 48%|████▊     | 193/398 [03:25<03:37,  1.06s/it] 49%|████▊     | 194/398 [03:26<03:26,  1.01s/it] 49%|████▉     | 195/398 [03:27<03:31,  1.04s/it] 49%|████▉     | 196/398 [03:28<03:29,  1.04s/it] 49%|████▉     | 197/398 [03:29<03:27,  1.03s/it] 50%|████▉     | 198/398 [03:30<03:28,  1.04s/it] 50%|█████     | 199/398 [03:32<03:34,  1.08s/it] 50%|█████     | 200/398 [03:33<03:33,  1.08s/it] 51%|█████     | 201/398 [03:34<03:37,  1.10s/it] 51%|█████     | 202/398 [03:35<03:38,  1.11s/it] 51%|█████     | 203/398 [03:36<03:27,  1.07s/it] 51%|█████▏    | 204/398 [03:37<03:18,  1.03s/it] 52%|█████▏    | 205/398 [03:38<03:06,  1.04it/s] 52%|█████▏    | 206/398 [03:39<03:14,  1.01s/it] 52%|█████▏    | 207/398 [03:40<03:12,  1.01s/it] 52%|█████▏    | 208/398 [03:41<03:08,  1.01it/s] 53%|█████▎    | 209/398 [03:42<03:09,  1.00s/it] 53%|█████▎    | 210/398 [03:43<03:16,  1.05s/it] 53%|█████▎    | 211/398 [03:44<03:16,  1.05s/it] 53%|█████▎    | 212/398 [03:45<03:17,  1.06s/it] 54%|█████▎    | 213/398 [03:46<03:16,  1.06s/it] 54%|█████▍    | 214/398 [03:47<03:24,  1.11s/it] 54%|█████▍    | 215/398 [03:48<03:13,  1.06s/it] 54%|█████▍    | 216/398 [03:49<03:09,  1.04s/it] 55%|█████▍    | 217/398 [03:50<03:03,  1.01s/it] 55%|█████▍    | 218/398 [03:51<03:00,  1.00s/it] 55%|█████▌    | 219/398 [03:52<02:52,  1.04it/s] 55%|█████▌    | 220/398 [03:53<02:48,  1.05it/s] 56%|█████▌    | 221/398 [03:54<02:50,  1.04it/s] 56%|█████▌    | 222/398 [03:55<02:51,  1.03it/s] 56%|█████▌    | 223/398 [03:56<02:46,  1.05it/s] 56%|█████▋    | 224/398 [03:57<02:45,  1.05it/s] 57%|█████▋    | 225/398 [03:58<02:40,  1.08it/s] 57%|█████▋    | 226/398 [03:59<02:49,  1.01it/s] 57%|█████▋    | 227/398 [04:00<02:43,  1.05it/s] 57%|█████▋    | 228/398 [04:01<02:45,  1.03it/s] 58%|█████▊    | 229/398 [04:02<02:41,  1.05it/s] 58%|█████▊    | 230/398 [04:03<02:47,  1.00it/s] 58%|█████▊    | 231/398 [04:04<02:42,  1.03it/s] 58%|█████▊    | 232/398 [04:05<02:42,  1.02it/s] 59%|█████▊    | 233/398 [04:06<02:37,  1.05it/s] 59%|█████▉    | 234/398 [04:07<02:36,  1.05it/s] 59%|█████▉    | 235/398 [04:08<02:46,  1.02s/it] 59%|█████▉    | 236/398 [04:08<02:31,  1.07it/s] 60%|█████▉    | 237/398 [04:09<02:32,  1.05it/s] 60%|█████▉    | 238/398 [04:10<02:29,  1.07it/s] 60%|██████    | 239/398 [04:12<02:41,  1.02s/it] 60%|██████    | 240/398 [04:13<02:47,  1.06s/it] 61%|██████    | 241/398 [04:14<02:58,  1.14s/it] 61%|██████    | 242/398 [04:15<02:58,  1.14s/it] 61%|██████    | 243/398 [04:16<02:47,  1.08s/it] 61%|██████▏   | 244/398 [04:17<02:39,  1.04s/it] 62%|██████▏   | 245/398 [04:18<02:33,  1.01s/it] 62%|██████▏   | 246/398 [04:19<02:28,  1.02it/s] 62%|██████▏   | 247/398 [04:20<02:33,  1.02s/it] 62%|██████▏   | 248/398 [04:21<02:31,  1.01s/it] 63%|██████▎   | 249/398 [04:22<02:41,  1.08s/it] 63%|██████▎   | 250/398 [04:23<02:38,  1.07s/it] 63%|██████▎   | 251/398 [04:24<02:28,  1.01s/it] 63%|██████▎   | 252/398 [04:25<02:36,  1.07s/it] 64%|██████▎   | 253/398 [04:26<02:33,  1.06s/it] 64%|██████▍   | 254/398 [04:27<02:33,  1.07s/it] 64%|██████▍   | 255/398 [04:28<02:27,  1.03s/it] 64%|██████▍   | 256/398 [04:29<02:26,  1.03s/it] 65%|██████▍   | 257/398 [04:30<02:19,  1.01it/s] 65%|██████▍   | 258/398 [04:31<02:18,  1.01it/s] 65%|██████▌   | 259/398 [04:33<02:28,  1.07s/it] 65%|██████▌   | 260/398 [04:34<02:31,  1.10s/it] 66%|██████▌   | 261/398 [04:35<02:28,  1.08s/it] 66%|██████▌   | 262/398 [04:36<02:28,  1.09s/it] 66%|██████▌   | 263/398 [04:37<02:33,  1.14s/it] 66%|██████▋   | 264/398 [04:38<02:33,  1.15s/it] 67%|██████▋   | 265/398 [04:39<02:31,  1.14s/it] 67%|██████▋   | 266/398 [04:41<02:33,  1.16s/it] 67%|██████▋   | 267/398 [04:42<02:18,  1.06s/it] 67%|██████▋   | 268/398 [04:42<02:11,  1.01s/it] 68%|██████▊   | 269/398 [04:43<01:59,  1.08it/s] 68%|██████▊   | 270/398 [04:44<02:05,  1.02it/s] 68%|██████▊   | 271/398 [04:45<02:02,  1.03it/s] 68%|██████▊   | 272/398 [04:46<02:06,  1.00s/it] 69%|██████▊   | 273/398 [04:47<02:09,  1.04s/it] 69%|██████▉   | 274/398 [04:48<02:06,  1.02s/it] 69%|██████▉   | 275/398 [04:50<02:12,  1.08s/it] 69%|██████▉   | 276/398 [04:51<02:08,  1.05s/it] 70%|██████▉   | 277/398 [04:52<02:04,  1.03s/it] 70%|██████▉   | 278/398 [04:53<02:03,  1.03s/it] 70%|███████   | 279/398 [04:54<02:03,  1.04s/it] 70%|███████   | 280/398 [04:55<02:12,  1.12s/it] 71%|███████   | 281/398 [04:56<02:22,  1.22s/it] 71%|███████   | 282/398 [04:57<02:17,  1.18s/it] 71%|███████   | 283/398 [04:59<02:12,  1.15s/it] 71%|███████▏  | 284/398 [05:00<02:05,  1.10s/it] 72%|███████▏  | 285/398 [05:00<01:58,  1.05s/it] 72%|███████▏  | 286/398 [05:01<01:54,  1.02s/it] 72%|███████▏  | 287/398 [05:02<01:50,  1.00it/s] 72%|███████▏  | 288/398 [05:03<01:53,  1.03s/it] 73%|███████▎  | 289/398 [05:05<02:01,  1.12s/it] 73%|███████▎  | 290/398 [05:06<01:53,  1.05s/it] 73%|███████▎  | 291/398 [05:07<01:59,  1.12s/it] 73%|███████▎  | 292/398 [05:08<01:58,  1.12s/it] 74%|███████▎  | 293/398 [05:09<01:51,  1.06s/it] 74%|███████▍  | 294/398 [05:10<01:47,  1.04s/it] 74%|███████▍  | 295/398 [05:11<01:45,  1.02s/it] 74%|███████▍  | 296/398 [05:12<01:48,  1.07s/it] 75%|███████▍  | 297/398 [05:13<01:53,  1.12s/it] 75%|███████▍  | 298/398 [05:14<01:45,  1.06s/it] 75%|███████▌  | 299/398 [05:15<01:43,  1.05s/it] 75%|███████▌  | 300/398 [05:16<01:41,  1.03s/it] 76%|███████▌  | 301/398 [05:17<01:42,  1.06s/it] 76%|███████▌  | 302/398 [05:19<01:41,  1.06s/it] 76%|███████▌  | 303/398 [05:20<01:38,  1.04s/it] 76%|███████▋  | 304/398 [05:20<01:30,  1.04it/s] 77%|███████▋  | 305/398 [05:21<01:33,  1.01s/it] 77%|███████▋  | 306/398 [05:22<01:29,  1.03it/s] 77%|███████▋  | 307/398 [05:23<01:20,  1.13it/s] 77%|███████▋  | 308/398 [05:24<01:27,  1.03it/s] 78%|███████▊  | 309/398 [05:25<01:21,  1.10it/s] 78%|███████▊  | 310/398 [05:26<01:25,  1.03it/s] 78%|███████▊  | 311/398 [05:27<01:23,  1.05it/s] 78%|███████▊  | 312/398 [05:28<01:29,  1.05s/it] 79%|███████▊  | 313/398 [05:30<01:36,  1.13s/it] 79%|███████▉  | 314/398 [05:31<01:39,  1.18s/it] 79%|███████▉  | 315/398 [05:32<01:30,  1.09s/it] 79%|███████▉  | 316/398 [05:33<01:29,  1.09s/it] 80%|███████▉  | 317/398 [05:34<01:26,  1.07s/it] 80%|███████▉  | 318/398 [05:35<01:22,  1.03s/it] 80%|████████  | 319/398 [05:36<01:25,  1.08s/it] 80%|████████  | 320/398 [05:37<01:22,  1.05s/it] 81%|████████  | 321/398 [05:38<01:21,  1.06s/it] 81%|████████  | 322/398 [05:39<01:19,  1.05s/it] 81%|████████  | 323/398 [05:40<01:22,  1.10s/it] 81%|████████▏ | 324/398 [05:41<01:20,  1.09s/it] 82%|████████▏ | 325/398 [05:43<01:23,  1.14s/it] 82%|████████▏ | 326/398 [05:44<01:20,  1.12s/it] 82%|████████▏ | 327/398 [05:45<01:16,  1.08s/it] 82%|████████▏ | 328/398 [05:46<01:18,  1.12s/it] 83%|████████▎ | 329/398 [05:47<01:13,  1.07s/it] 83%|████████▎ | 330/398 [05:48<01:08,  1.01s/it] 83%|████████▎ | 331/398 [05:49<01:10,  1.05s/it] 83%|████████▎ | 332/398 [05:50<01:05,  1.00it/s] 84%|████████▎ | 333/398 [05:51<01:04,  1.01it/s] 84%|████████▍ | 334/398 [05:52<01:05,  1.02s/it] 84%|████████▍ | 335/398 [05:53<01:04,  1.03s/it] 84%|████████▍ | 336/398 [05:54<01:12,  1.17s/it] 85%|████████▍ | 337/398 [05:55<01:06,  1.10s/it] 85%|████████▍ | 338/398 [05:56<01:05,  1.09s/it] 85%|████████▌ | 339/398 [05:57<01:05,  1.11s/it] 85%|████████▌ | 340/398 [05:58<01:02,  1.08s/it] 86%|████████▌ | 341/398 [05:59<00:59,  1.05s/it] 86%|████████▌ | 342/398 [06:01<01:00,  1.08s/it] 86%|████████▌ | 343/398 [06:01<00:55,  1.01s/it] 86%|████████▋ | 344/398 [06:03<00:55,  1.02s/it] 87%|████████▋ | 345/398 [06:04<00:57,  1.09s/it] 87%|████████▋ | 346/398 [06:05<00:57,  1.10s/it] 87%|████████▋ | 347/398 [06:06<00:58,  1.15s/it] 87%|████████▋ | 348/398 [06:07<00:55,  1.11s/it] 88%|████████▊ | 349/398 [06:08<00:56,  1.16s/it] 88%|████████▊ | 350/398 [06:10<00:54,  1.14s/it] 88%|████████▊ | 351/398 [06:10<00:50,  1.07s/it] 88%|████████▊ | 352/398 [06:11<00:46,  1.00s/it] 89%|████████▊ | 353/398 [06:13<00:48,  1.08s/it] 89%|████████▉ | 354/398 [06:14<00:51,  1.18s/it] 89%|████████▉ | 355/398 [06:15<00:48,  1.14s/it] 89%|████████▉ | 356/398 [06:16<00:48,  1.16s/it] 90%|████████▉ | 357/398 [06:17<00:47,  1.17s/it] 90%|████████▉ | 358/398 [06:19<00:46,  1.17s/it] 90%|█████████ | 359/398 [06:20<00:44,  1.15s/it] 90%|█████████ | 360/398 [06:21<00:45,  1.21s/it] 91%|█████████ | 361/398 [06:22<00:39,  1.07s/it] 91%|█████████ | 362/398 [06:23<00:38,  1.06s/it] 91%|█████████ | 363/398 [06:24<00:37,  1.07s/it] 91%|█████████▏| 364/398 [06:25<00:35,  1.06s/it] 92%|█████████▏| 365/398 [06:26<00:34,  1.04s/it] 92%|█████████▏| 366/398 [06:27<00:35,  1.10s/it] 92%|█████████▏| 367/398 [06:28<00:31,  1.03s/it] 92%|█████████▏| 368/398 [06:29<00:32,  1.09s/it] 93%|█████████▎| 369/398 [06:31<00:33,  1.15s/it] 93%|█████████▎| 370/398 [06:32<00:31,  1.12s/it] 93%|█████████▎| 371/398 [06:33<00:30,  1.13s/it] 93%|█████████▎| 372/398 [06:34<00:28,  1.09s/it] 94%|█████████▎| 373/398 [06:35<00:27,  1.10s/it] 94%|█████████▍| 374/398 [06:36<00:26,  1.09s/it] 94%|█████████▍| 375/398 [06:37<00:24,  1.05s/it] 94%|█████████▍| 376/398 [06:38<00:23,  1.05s/it] 95%|█████████▍| 377/398 [06:39<00:21,  1.04s/it] 95%|█████████▍| 378/398 [06:40<00:20,  1.01s/it] 95%|█████████▌| 379/398 [06:41<00:19,  1.03s/it] 95%|█████████▌| 380/398 [06:42<00:18,  1.03s/it] 96%|█████████▌| 381/398 [06:43<00:17,  1.03s/it] 96%|█████████▌| 382/398 [06:44<00:15,  1.03it/s] 96%|█████████▌| 383/398 [06:45<00:15,  1.01s/it] 96%|█████████▋| 384/398 [06:46<00:14,  1.00s/it] 97%|█████████▋| 385/398 [06:47<00:13,  1.02s/it] 97%|█████████▋| 386/398 [06:48<00:12,  1.06s/it] 97%|█████████▋| 387/398 [06:49<00:12,  1.10s/it] 97%|█████████▋| 388/398 [06:51<00:11,  1.13s/it] 98%|█████████▊| 389/398 [06:52<00:11,  1.23s/it] 98%|█████████▊| 390/398 [06:53<00:09,  1.21s/it] 98%|█████████▊| 391/398 [06:54<00:08,  1.21s/it] 98%|█████████▊| 392/398 [06:56<00:07,  1.22s/it] 99%|█████████▊| 393/398 [06:57<00:05,  1.15s/it] 99%|█████████▉| 394/398 [06:58<00:04,  1.16s/it] 99%|█████████▉| 395/398 [06:59<00:03,  1.08s/it] 99%|█████████▉| 396/398 [07:00<00:02,  1.11s/it]100%|█████████▉| 397/398 [07:01<00:01,  1.03s/it]100%|██████████| 398/398 [07:01<00:00,  1.12it/s]100%|██████████| 398/398 [07:01<00:00,  1.06s/it]num TCs: 73
num ARs: 92
calculating centroids..

extracting event types..
calculating genesis and termination frequencies..
generating histograms..
generating frequency maps..
/cluster/home/atabin/miniconda3/envs/climatenet/lib/python3.8/site-packages/cartopy/io/__init__.py:260: DownloadWarning: Downloading: https://naciscdn.org/naturalearth/110m/physical/ne_110m_coastline.zip
  warnings.warn('Downloading: {}'.format(url), DownloadWarning)
Traceback (most recent call last):
  File "/cluster/home/atabin/miniconda3/envs/climatenet/lib/python3.8/urllib/request.py", line 1350, in do_open
    h.request(req.get_method(), req.selector, req.data, headers,
  File "/cluster/home/atabin/miniconda3/envs/climatenet/lib/python3.8/http/client.py", line 1255, in request
    self._send_request(method, url, body, headers, encode_chunked)
  File "/cluster/home/atabin/miniconda3/envs/climatenet/lib/python3.8/http/client.py", line 1301, in _send_request
    self.endheaders(body, encode_chunked=encode_chunked)
  File "/cluster/home/atabin/miniconda3/envs/climatenet/lib/python3.8/http/client.py", line 1250, in endheaders
    self._send_output(message_body, encode_chunked=encode_chunked)
  File "/cluster/home/atabin/miniconda3/envs/climatenet/lib/python3.8/http/client.py", line 1010, in _send_output
    self.send(msg)
  File "/cluster/home/atabin/miniconda3/envs/climatenet/lib/python3.8/http/client.py", line 950, in send
    self.connect()
  File "/cluster/home/atabin/miniconda3/envs/climatenet/lib/python3.8/http/client.py", line 1417, in connect
    super().connect()
  File "/cluster/home/atabin/miniconda3/envs/climatenet/lib/python3.8/http/client.py", line 921, in connect
    self.sock = self._create_connection(
  File "/cluster/home/atabin/miniconda3/envs/climatenet/lib/python3.8/socket.py", line 808, in create_connection
    raise err
  File "/cluster/home/atabin/miniconda3/envs/climatenet/lib/python3.8/socket.py", line 796, in create_connection
    sock.connect(sa)
ConnectionRefusedError: [Errno 111] Connection refused

During handling of the above exception, another exception occurred:

Traceback (most recent call last):
  File "example.py", line 39, in <module>
    analyze_events(event_masks, class_masks, 'results/')
  File "/cluster/work/igp_psr/ai4good/group-1b/ClimateNet_AI4Good/climatenet/analyze_events.py", line 263, in analyze_events
    visualize_frequency_map(genesis_frequency_tc, "Genesis frequency map of TCs",
  File "/cluster/work/igp_psr/ai4good/group-1b/ClimateNet_AI4Good/climatenet/analyze_events.py", line 259, in visualize_frequency_map
    mymap.get_figure().savefig(filepath, bbox_inches="tight", facecolor='w')
  File "/cluster/home/atabin/miniconda3/envs/climatenet/lib/python3.8/site-packages/matplotlib/figure.py", line 2311, in savefig
    self.canvas.print_figure(fname, **kwargs)
  File "/cluster/home/atabin/miniconda3/envs/climatenet/lib/python3.8/site-packages/matplotlib/backend_bases.py", line 2193, in print_figure
    self.figure.draw(renderer)
  File "/cluster/home/atabin/miniconda3/envs/climatenet/lib/python3.8/site-packages/matplotlib/artist.py", line 41, in draw_wrapper
    return draw(artist, renderer, *args, **kwargs)
  File "/cluster/home/atabin/miniconda3/envs/climatenet/lib/python3.8/site-packages/matplotlib/figure.py", line 1863, in draw
    mimage._draw_list_compositing_images(
  File "/cluster/home/atabin/miniconda3/envs/climatenet/lib/python3.8/site-packages/matplotlib/image.py", line 131, in _draw_list_compositing_images
    a.draw(renderer)
  File "/cluster/home/atabin/miniconda3/envs/climatenet/lib/python3.8/site-packages/matplotlib/artist.py", line 41, in draw_wrapper
    return draw(artist, renderer, *args, **kwargs)
  File "/cluster/home/atabin/miniconda3/envs/climatenet/lib/python3.8/site-packages/cartopy/mpl/geoaxes.py", line 479, in draw
    return matplotlib.axes.Axes.draw(self, renderer=renderer, **kwargs)
  File "/cluster/home/atabin/miniconda3/envs/climatenet/lib/python3.8/site-packages/matplotlib/artist.py", line 41, in draw_wrapper
    return draw(artist, renderer, *args, **kwargs)
  File "/cluster/home/atabin/miniconda3/envs/climatenet/lib/python3.8/site-packages/matplotlib/cbook/deprecation.py", line 411, in wrapper
    return func(*inner_args, **inner_kwargs)
  File "/cluster/home/atabin/miniconda3/envs/climatenet/lib/python3.8/site-packages/matplotlib/axes/_base.py", line 2747, in draw
    mimage._draw_list_compositing_images(renderer, self, artists)
  File "/cluster/home/atabin/miniconda3/envs/climatenet/lib/python3.8/site-packages/matplotlib/image.py", line 131, in _draw_list_compositing_images
    a.draw(renderer)
  File "/cluster/home/atabin/miniconda3/envs/climatenet/lib/python3.8/site-packages/matplotlib/artist.py", line 41, in draw_wrapper
    return draw(artist, renderer, *args, **kwargs)
  File "/cluster/home/atabin/miniconda3/envs/climatenet/lib/python3.8/site-packages/cartopy/mpl/feature_artist.py", line 155, in draw
    geoms = self._feature.intersecting_geometries(extent)
  File "/cluster/home/atabin/miniconda3/envs/climatenet/lib/python3.8/site-packages/cartopy/feature/__init__.py", line 302, in intersecting_geometries
    return super(NaturalEarthFeature, self).intersecting_geometries(extent)
  File "/cluster/home/atabin/miniconda3/envs/climatenet/lib/python3.8/site-packages/cartopy/feature/__init__.py", line 110, in intersecting_geometries
    return (geom for geom in self.geometries() if
  File "/cluster/home/atabin/miniconda3/envs/climatenet/lib/python3.8/site-packages/cartopy/feature/__init__.py", line 284, in geometries
    path = shapereader.natural_earth(resolution=self.scale,
  File "/cluster/home/atabin/miniconda3/envs/climatenet/lib/python3.8/site-packages/cartopy/io/shapereader.py", line 295, in natural_earth
    return ne_downloader.path(format_dict)
  File "/cluster/home/atabin/miniconda3/envs/climatenet/lib/python3.8/site-packages/cartopy/io/__init__.py", line 222, in path
    result_path = self.acquire_resource(target_path, format_dict)
  File "/cluster/home/atabin/miniconda3/envs/climatenet/lib/python3.8/site-packages/cartopy/io/shapereader.py", line 350, in acquire_resource
    shapefile_online = self._urlopen(url)
  File "/cluster/home/atabin/miniconda3/envs/climatenet/lib/python3.8/site-packages/cartopy/io/__init__.py", line 261, in _urlopen
    return urlopen(url)
  File "/cluster/home/atabin/miniconda3/envs/climatenet/lib/python3.8/urllib/request.py", line 222, in urlopen
    return opener.open(url, data, timeout)
  File "/cluster/home/atabin/miniconda3/envs/climatenet/lib/python3.8/urllib/request.py", line 525, in open
    response = self._open(req, data)
  File "/cluster/home/atabin/miniconda3/envs/climatenet/lib/python3.8/urllib/request.py", line 542, in _open
    result = self._call_chain(self.handle_open, protocol, protocol +
  File "/cluster/home/atabin/miniconda3/envs/climatenet/lib/python3.8/urllib/request.py", line 502, in _call_chain
    result = func(*args)
  File "/cluster/home/atabin/miniconda3/envs/climatenet/lib/python3.8/urllib/request.py", line 1393, in https_open
    return self.do_open(http.client.HTTPSConnection, req,
  File "/cluster/home/atabin/miniconda3/envs/climatenet/lib/python3.8/urllib/request.py", line 1353, in do_open
    raise URLError(err)
urllib.error.URLError: <urlopen error [Errno 111] Connection refused>
